<?xml version="1.0" encoding="UTF-8"?>
<testng-results skipped="0" failed="0" ignored="0" total="1" passed="1">
  <reporter-output>
  </reporter-output>
  <suite name="Default suite" duration-ms="49157" started-at="2020-02-07T13:27:55Z" finished-at="2020-02-07T13:28:44Z">
    <groups>
    </groups>
    <test name="Default test" duration-ms="49157" started-at="2020-02-07T13:27:55Z" finished-at="2020-02-07T13:28:44Z">
      <class name="scripts.AmazonandFlipkart">
        <test-method status="PASS" signature="setUp()[pri:0, instance:scripts.AmazonandFlipkart@735b5592]" name="setUp" is-config="true" duration-ms="19921" started-at="2020-02-07T13:27:55Z" finished-at="2020-02-07T13:28:15Z">
          <reporter-output>
          </reporter-output>
        </test-method> <!-- setUp -->
        <test-method status="PASS" signature="validTest()[pri:0, instance:scripts.AmazonandFlipkart@735b5592]" name="validTest" duration-ms="27864" started-at="2020-02-07T13:28:15Z" finished-at="2020-02-07T13:28:43Z">
          <reporter-output>
          </reporter-output>
        </test-method> <!-- validTest -->
        <test-method status="PASS" signature="close()[pri:0, instance:scripts.AmazonandFlipkart@735b5592]" name="close" is-config="true" duration-ms="1314" started-at="2020-02-07T13:28:43Z" finished-at="2020-02-07T13:28:44Z">
          <reporter-output>
          </reporter-output>
        </test-method> <!-- close -->
      </class> <!-- scripts.AmazonandFlipkart -->
    </test> <!-- Default test -->
  </suite> <!-- Default suite -->
</testng-results>
